[debug] [2018-01-21T23:30:10.737Z] ----------------------------------------------------------------------
[debug] [2018-01-21T23:30:10.737Z] Command:       C:\Program Files\nodejs\node.exe C:\Users\Andrew\AppData\Roaming\npm\node_modules\firebase-tools\bin\firebase serve --only functions,hosting
[debug] [2018-01-21T23:30:10.737Z] CLI Version:   3.17.3
[debug] [2018-01-21T23:30:10.737Z] Platform:      win32
[debug] [2018-01-21T23:30:10.737Z] Node Version:  v8.9.1
[debug] [2018-01-21T23:30:10.737Z] Time:          Sun Jan 21 2018 16:30:10 GMT-0700 (Mountain Standard Time)
[debug] [2018-01-21T23:30:10.737Z] ----------------------------------------------------------------------
[debug] 
[debug] [2018-01-21T23:30:10.753Z] > command requires scopes: ["email","openid","https://www.googleapis.com/auth/cloudplatformprojects.readonly","https://www.googleapis.com/auth/firebase","https://www.googleapis.com/auth/cloud-platform"]
[debug] [2018-01-21T23:30:10.753Z] > authorizing via signed-in user
[debug] [2018-01-21T23:30:10.753Z] >>> HTTP REQUEST GET https://admin.firebase.com/v1/projects/avojak-da39b  
  
 Sun Jan 21 2018 16:30:10 GMT-0700 (Mountain Standard Time)
[debug] [2018-01-21T23:30:11.476Z] <<< HTTP RESPONSE 200
[debug] [2018-01-21T23:30:11.476Z] >>> HTTP REQUEST GET https://admin.firebase.com/v1/database/avojak-da39b/tokens  
  
 Sun Jan 21 2018 16:30:11 GMT-0700 (Mountain Standard Time)
[debug] [2018-01-21T23:30:12.029Z] <<< HTTP RESPONSE 200
[info] 
[info] === Serving from 'C:\Users\Andrew\Code\Firebase\avojak'...
[info] 
[info] i  functions: Preparing to emulate functions.
[debug] [2018-01-21T23:30:12.485Z] Fetching environment
[debug] [2018-01-21T23:30:12.487Z] >>> HTTP REQUEST GET https://appengine.googleapis.com/v1/apps/avojak-da39b  
  
 Sun Jan 21 2018 16:30:12 GMT-0700 (Mountain Standard Time)
[debug] [2018-01-21T23:30:12.487Z] >>> HTTP REQUEST GET https://apikeys.googleapis.com/v1/projects/avojak-da39b/apiKeys  
  
 Sun Jan 21 2018 16:30:12 GMT-0700 (Mountain Standard Time)
[debug] [2018-01-21T23:30:12.487Z] >>> HTTP REQUEST GET https://cloudresourcemanager.googleapis.com/v1/projects/avojak-da39b  
  
 Sun Jan 21 2018 16:30:12 GMT-0700 (Mountain Standard Time)
[debug] [2018-01-21T23:30:12.735Z] <<< HTTP RESPONSE 200
[debug] [2018-01-21T23:30:13.040Z] <<< HTTP RESPONSE 200
[debug] [2018-01-21T23:30:13.040Z] >>> HTTP REQUEST GET https://mobilesdk-pa.googleapis.com/v1/projects/144199633896/clients/_:getWebAppConfig  
  
 Sun Jan 21 2018 16:30:13 GMT-0700 (Mountain Standard Time)
[debug] [2018-01-21T23:30:13.087Z] <<< HTTP RESPONSE 200
[debug] [2018-01-21T23:30:13.087Z] Starting @google-cloud/functions-emulator
[debug] [2018-01-21T23:30:13.698Z] <<< HTTP RESPONSE 200
[info] i  hosting: Serving hosting files from: public
[info] +  hosting: Local server: http://localhost:5000

[debug] [2018-01-21T23:30:14.793Z] Parsing function triggers
[info] [hosting] Rewriting / to local function app
[info] [hosting] Rewriting /assets/bootstrap/css/bootstrap.min.css to local function app
[info] [hosting] Rewriting /assets/css/sticky-footer-navbar.css to local function app
[info] [hosting] Rewriting /assets/css/custom.css to local function app
[info] [hosting] Rewriting /assets/bootstrap/js/bootstrap.min.js to local function app
[info] [hosting] Rewriting /assets/bootstrap/assets/js/ie10-viewport-bug-workaround.js to local function app
[info] [hosting] Rewriting /assets/bootstrap/assets/js/ie10-viewport-bug-workaround.js to local function app
[info] [hosting] Rewriting /assets/img/bg_full.jpg to local function app
[info] +  functions: app: http://localhost:5001/avojak-da39b/us-central1/app
[info] [hosting] Rewriting / to local function app
[info] [hosting] Rewriting /assets/bootstrap/css/bootstrap.min.css to local function app
[info] [hosting] Rewriting /assets/css/sticky-footer-navbar.css to local function app
[info] [hosting] Rewriting /assets/css/custom.css to local function app
[info] [hosting] Rewriting /assets/bootstrap/js/bootstrap.min.js to local function app
[info] [hosting] Rewriting /assets/bootstrap/assets/js/ie10-viewport-bug-workaround.js to local function app
[info] [hosting] Rewriting /assets/bootstrap/assets/js/ie10-viewport-bug-workaround.js to local function app
[info] [hosting] Rewriting /assets/img/bg_full.jpg to local function app
[info] [hosting] Rewriting /about to local function app
[info] [hosting] Rewriting /assets/bootstrap/css/bootstrap.min.css to local function app
[info] [hosting] Rewriting /assets/css/sticky-footer-navbar.css to local function app
[info] [hosting] Rewriting /assets/css/custom.css to local function app
[info] [hosting] Rewriting /assets/bootstrap/js/bootstrap.min.js to local function app
[info] [hosting] Rewriting /assets/bootstrap/assets/js/ie10-viewport-bug-workaround.js to local function app
[info] [hosting] Rewriting /assets/bootstrap/assets/js/ie10-viewport-bug-workaround.js to local function app
[info] [hosting] Rewriting /assets/img/bg_full.jpg to local function app
